This file contains any messages produced by compilers while
running configure, to aid debugging if configure makes a mistake.

It was created by lab6 configure 0.1, which was
generated by GNU Autoconf 2.71.  Invocation command line was

  $ /home/kdetlet/ece2620/labs/lab6/configure --enable-maintainer-mode

## --------- ##
## Platform. ##
## --------- ##

hostname = kdetlet-VirtualBox
uname -m = x86_64
uname -r = 5.15.0-53-generic
uname -s = Linux
uname -v = #59-Ubuntu SMP Mon Oct 17 18:53:30 UTC 2022

/usr/bin/uname -p = x86_64
/bin/uname -X     = unknown

/bin/arch              = x86_64
/usr/bin/arch -k       = unknown
/usr/convex/getsysinfo = unknown
/usr/bin/hostinfo      = unknown
/bin/machine           = unknown
/usr/bin/oslevel       = unknown
/bin/universe          = unknown

PATH: /usr/local/sbin/
PATH: /usr/local/bin/
PATH: /usr/sbin/
PATH: /usr/bin/
PATH: /sbin/
PATH: /bin/
PATH: /usr/games/
PATH: /usr/local/games/
PATH: /snap/bin/
PATH: /snap/bin/


## ----------- ##
## Core tests. ##
## ----------- ##

configure:2755: looking for aux files: config.guess config.sub ltmain.sh compile missing install-sh
configure:2768:  trying ./
configure:2797:   ./config.guess found
configure:2797:   ./config.sub found
configure:2797:   ./ltmain.sh found
configure:2797:   ./compile found
configure:2797:   ./missing found
configure:2779:   ./install-sh found
configure:2930: checking for a BSD-compatible install
configure:3003: result: /usr/bin/install -c
configure:3014: checking whether build environment is sane
configure:3069: result: yes
configure:3228: checking for a race-free mkdir -p
configure:3272: result: /usr/bin/mkdir -p
configure:3279: checking for gawk
configure:3314: result: no
configure:3279: checking for mawk
configure:3300: found /usr/bin/mawk
configure:3311: result: mawk
configure:3322: checking whether make sets $(MAKE)
configure:3345: result: yes
configure:3375: checking whether make supports nested variables
configure:3393: result: yes
configure:3542: checking whether make supports nested variables
configure:3560: result: yes
configure:3641: checking for g++
configure:3662: found /usr/bin/g++
configure:3673: result: g++
configure:3700: checking for C++ compiler version
configure:3709: g++ --version >&5
g++ (Ubuntu 11.3.0-1ubuntu1~22.04) 11.3.0
Copyright (C) 2021 Free Software Foundation, Inc.
This is free software; see the source for copying conditions.  There is NO
warranty; not even for MERCHANTABILITY or FITNESS FOR A PARTICULAR PURPOSE.

configure:3720: $? = 0
configure:3709: g++ -v >&5
Using built-in specs.
COLLECT_GCC=g++
COLLECT_LTO_WRAPPER=/usr/lib/gcc/x86_64-linux-gnu/11/lto-wrapper
OFFLOAD_TARGET_NAMES=nvptx-none:amdgcn-amdhsa
OFFLOAD_TARGET_DEFAULT=1
Target: x86_64-linux-gnu
Configured with: ../src/configure -v --with-pkgversion='Ubuntu 11.3.0-1ubuntu1~22.04' --with-bugurl=file:///usr/share/doc/gcc-11/README.Bugs --enable-languages=c,ada,c++,go,brig,d,fortran,objc,obj-c++,m2 --prefix=/usr --with-gcc-major-version-only --program-suffix=-11 --program-prefix=x86_64-linux-gnu- --enable-shared --enable-linker-build-id --libexecdir=/usr/lib --without-included-gettext --enable-threads=posix --libdir=/usr/lib --enable-nls --enable-bootstrap --enable-clocale=gnu --enable-libstdcxx-debug --enable-libstdcxx-time=yes --with-default-libstdcxx-abi=new --enable-gnu-unique-object --disable-vtable-verify --enable-plugin --enable-default-pie --with-system-zlib --enable-libphobos-checking=release --with-target-system-zlib=auto --enable-objc-gc=auto --enable-multiarch --disable-werror --enable-cet --with-arch-32=i686 --with-abi=m64 --with-multilib-list=m32,m64,mx32 --enable-multilib --with-tune=generic --enable-offload-targets=nvptx-none=/build/gcc-11-xKiWfi/gcc-11-11.3.0/debian/tmp-nvptx/usr,amdgcn-amdhsa=/build/gcc-11-xKiWfi/gcc-11-11.3.0/debian/tmp-gcn/usr --without-cuda-driver --enable-checking=release --build=x86_64-linux-gnu --host=x86_64-linux-gnu --target=x86_64-linux-gnu --with-build-config=bootstrap-lto-lean --enable-link-serialization=2
Thread model: posix
Supported LTO compression algorithms: zlib zstd
gcc version 11.3.0 (Ubuntu 11.3.0-1ubuntu1~22.04) 
... rest of stderr output deleted ...
configure:3720: $? = 0
configure:3709: g++ -V >&5
g++: error: unrecognized command-line option '-V'
g++: fatal error: no input files
compilation terminated.
configure:3720: $? = 1
configure:3709: g++ -qversion >&5
g++: error: unrecognized command-line option '-qversion'; did you mean '--version'?
g++: fatal error: no input files
compilation terminated.
configure:3720: $? = 1
configure:3740: checking whether the C++ compiler works
configure:3762: g++    conftest.cpp  >&5
configure:3766: $? = 0
configure:3816: result: yes
configure:3819: checking for C++ compiler default output file name
configure:3821: result: a.out
configure:3827: checking for suffix of executables
configure:3834: g++ -o conftest    conftest.cpp  >&5
configure:3838: $? = 0
configure:3861: result: 
configure:3883: checking whether we are cross compiling
configure:3891: g++ -o conftest    conftest.cpp  >&5
configure:3895: $? = 0
configure:3902: ./conftest
configure:3906: $? = 0
configure:3921: result: no
configure:3926: checking for suffix of object files
configure:3949: g++ -c   conftest.cpp >&5
configure:3953: $? = 0
configure:3975: result: o
configure:3979: checking whether the compiler supports GNU C++
configure:3999: g++ -c   conftest.cpp >&5
configure:3999: $? = 0
configure:4009: result: yes
configure:4020: checking whether g++ accepts -g
configure:4041: g++ -c -g  conftest.cpp >&5
configure:4041: $? = 0
configure:4085: result: yes
configure:4105: checking for g++ option to enable C++11 features
configure:4120: g++  -c -g -O2  conftest.cpp >&5
conftest.cpp: In function 'int main(int, char**)':
conftest.cpp:177:25: warning: empty parentheses were disambiguated as a function declaration [-Wvexing-parse]
  177 |   cxx11test::delegate d2();
      |                         ^~
conftest.cpp:177:25: note: remove parentheses to default-initialize a variable
  177 |   cxx11test::delegate d2();
      |                         ^~
      |                         --
conftest.cpp:177:25: note: or replace parentheses with braces to value-initialize a variable
configure:4120: $? = 0
configure:4138: result: none needed
configure:4205: checking whether make supports the include directive
configure:4220: make -f confmf.GNU && cat confinc.out
this is the am__doit target
configure:4223: $? = 0
configure:4242: result: yes (GNU style)
configure:4268: checking dependency style of g++
configure:4380: result: gcc3
configure:4400: checking whether NLS is requested
configure:4410: result: yes
configure:4428: checking for intltool >= 0.35.0
configure:4430: result: 0.51.0 found
configure:4438: checking for intltool-update
configure:4461: found /usr/bin/intltool-update
configure:4473: result: /usr/bin/intltool-update
configure:4483: checking for intltool-merge
configure:4506: found /usr/bin/intltool-merge
configure:4518: result: /usr/bin/intltool-merge
configure:4528: checking for intltool-extract
configure:4551: found /usr/bin/intltool-extract
configure:4563: result: /usr/bin/intltool-extract
configure:4717: checking for xgettext
configure:4740: found /usr/bin/xgettext
configure:4752: result: /usr/bin/xgettext
configure:4762: checking for msgmerge
configure:4785: found /usr/bin/msgmerge
configure:4797: result: /usr/bin/msgmerge
configure:4807: checking for msgfmt
configure:4830: found /usr/bin/msgfmt
configure:4842: result: /usr/bin/msgfmt
configure:4852: checking for gmsgfmt
configure:4888: result: /usr/bin/msgfmt
configure:4908: checking for perl
configure:4931: found /usr/bin/perl
configure:4943: result: /usr/bin/perl
configure:4954: checking for perl >= 5.8.1
configure:4961: result: 5.34.0
configure:4965: checking for XML::Parser
configure:4968: result: ok
configure:5049: checking for gcc
configure:5070: found /usr/bin/gcc
configure:5081: result: gcc
configure:5434: checking for C compiler version
configure:5443: gcc --version >&5
gcc (Ubuntu 11.3.0-1ubuntu1~22.04) 11.3.0
Copyright (C) 2021 Free Software Foundation, Inc.
This is free software; see the source for copying conditions.  There is NO
warranty; not even for MERCHANTABILITY or FITNESS FOR A PARTICULAR PURPOSE.

configure:5454: $? = 0
configure:5443: gcc -v >&5
Using built-in specs.
COLLECT_GCC=gcc
COLLECT_LTO_WRAPPER=/usr/lib/gcc/x86_64-linux-gnu/11/lto-wrapper
OFFLOAD_TARGET_NAMES=nvptx-none:amdgcn-amdhsa
OFFLOAD_TARGET_DEFAULT=1
Target: x86_64-linux-gnu
Configured with: ../src/configure -v --with-pkgversion='Ubuntu 11.3.0-1ubuntu1~22.04' --with-bugurl=file:///usr/share/doc/gcc-11/README.Bugs --enable-languages=c,ada,c++,go,brig,d,fortran,objc,obj-c++,m2 --prefix=/usr --with-gcc-major-version-only --program-suffix=-11 --program-prefix=x86_64-linux-gnu- --enable-shared --enable-linker-build-id --libexecdir=/usr/lib --without-included-gettext --enable-threads=posix --libdir=/usr/lib --enable-nls --enable-bootstrap --enable-clocale=gnu --enable-libstdcxx-debug --enable-libstdcxx-time=yes --with-default-libstdcxx-abi=new --enable-gnu-unique-object --disable-vtable-verify --enable-plugin --enable-default-pie --with-system-zlib --enable-libphobos-checking=release --with-target-system-zlib=auto --enable-objc-gc=auto --enable-multiarch --disable-werror --enable-cet --with-arch-32=i686 --with-abi=m64 --with-multilib-list=m32,m64,mx32 --enable-multilib --with-tune=generic --enable-offload-targets=nvptx-none=/build/gcc-11-xKiWfi/gcc-11-11.3.0/debian/tmp-nvptx/usr,amdgcn-amdhsa=/build/gcc-11-xKiWfi/gcc-11-11.3.0/debian/tmp-gcn/usr --without-cuda-driver --enable-checking=release --build=x86_64-linux-gnu --host=x86_64-linux-gnu --target=x86_64-linux-gnu --with-build-config=bootstrap-lto-lean --enable-link-serialization=2
Thread model: posix
Supported LTO compression algorithms: zlib zstd
gcc version 11.3.0 (Ubuntu 11.3.0-1ubuntu1~22.04) 
... rest of stderr output deleted ...
configure:5454: $? = 0
configure:5443: gcc -V >&5
gcc: error: unrecognized command-line option '-V'
gcc: fatal error: no input files
compilation terminated.
configure:5454: $? = 1
configure:5443: gcc -qversion >&5
gcc: error: unrecognized command-line option '-qversion'; did you mean '--version'?
gcc: fatal error: no input files
compilation terminated.
configure:5454: $? = 1
configure:5443: gcc -version >&5
gcc: error: unrecognized command-line option '-version'
gcc: fatal error: no input files
compilation terminated.
configure:5454: $? = 1
configure:5458: checking whether the compiler supports GNU C
configure:5478: gcc -c   conftest.c >&5
configure:5478: $? = 0
configure:5488: result: yes
configure:5499: checking whether gcc accepts -g
configure:5520: gcc -c -g  conftest.c >&5
configure:5520: $? = 0
configure:5564: result: yes
configure:5584: checking for gcc option to enable C11 features
configure:5599: gcc  -c -g -O2  conftest.c >&5
configure:5599: $? = 0
configure:5617: result: none needed
configure:5733: checking whether gcc understands -c and -o together
configure:5756: gcc -c conftest.c -o conftest2.o
configure:5759: $? = 0
configure:5756: gcc -c conftest.c -o conftest2.o
configure:5759: $? = 0
configure:5771: result: yes
configure:5790: checking dependency style of gcc
configure:5902: result: gcc3
configure:5922: checking for stdio.h
configure:5922: gcc -c -g -O2  conftest.c >&5
configure:5922: $? = 0
configure:5922: result: yes
configure:5922: checking for stdlib.h
configure:5922: gcc -c -g -O2  conftest.c >&5
configure:5922: $? = 0
configure:5922: result: yes
configure:5922: checking for string.h
configure:5922: gcc -c -g -O2  conftest.c >&5
configure:5922: $? = 0
configure:5922: result: yes
configure:5922: checking for inttypes.h
configure:5922: gcc -c -g -O2  conftest.c >&5
configure:5922: $? = 0
configure:5922: result: yes
configure:5922: checking for stdint.h
configure:5922: gcc -c -g -O2  conftest.c >&5
configure:5922: $? = 0
configure:5922: result: yes
configure:5922: checking for strings.h
configure:5922: gcc -c -g -O2  conftest.c >&5
configure:5922: $? = 0
configure:5922: result: yes
configure:5922: checking for sys/stat.h
configure:5922: gcc -c -g -O2  conftest.c >&5
configure:5922: $? = 0
configure:5922: result: yes
configure:5922: checking for sys/types.h
configure:5922: gcc -c -g -O2  conftest.c >&5
configure:5922: $? = 0
configure:5922: result: yes
configure:5922: checking for unistd.h
configure:5922: gcc -c -g -O2  conftest.c >&5
configure:5922: $? = 0
configure:5922: result: yes
configure:5948: checking for locale.h
configure:5948: gcc -c -g -O2  conftest.c >&5
configure:5948: $? = 0
configure:5948: result: yes
configure:5956: checking for LC_MESSAGES
configure:5973: gcc -o conftest -g -O2   conftest.c  >&5
configure:5973: $? = 0
configure:5982: result: yes
configure:6000: checking for CFPreferencesCopyAppValue
configure:6019: gcc -o conftest -g -O2   conftest.c  -Wl,-framework -Wl,CoreFoundation >&5
conftest.c:24:10: fatal error: CoreFoundation/CFPreferences.h: No such file or directory
   24 | #include <CoreFoundation/CFPreferences.h>
      |          ^~~~~~~~~~~~~~~~~~~~~~~~~~~~~~~~
compilation terminated.
configure:6019: $? = 1
configure: failed program was:
| /* confdefs.h */
| #define PACKAGE_NAME "lab6"
| #define PACKAGE_TARNAME "lab6"
| #define PACKAGE_VERSION "0.1"
| #define PACKAGE_STRING "lab6 0.1"
| #define PACKAGE_BUGREPORT ""
| #define PACKAGE_URL ""
| #define PACKAGE "lab6"
| #define VERSION "0.1"
| #define GETTEXT_PACKAGE "lab6"
| #define HAVE_STDIO_H 1
| #define HAVE_STDLIB_H 1
| #define HAVE_STRING_H 1
| #define HAVE_INTTYPES_H 1
| #define HAVE_STDINT_H 1
| #define HAVE_STRINGS_H 1
| #define HAVE_SYS_STAT_H 1
| #define HAVE_SYS_TYPES_H 1
| #define HAVE_UNISTD_H 1
| #define STDC_HEADERS 1
| #define HAVE_LOCALE_H 1
| #define HAVE_LC_MESSAGES 1
| /* end confdefs.h.  */
| #include <CoreFoundation/CFPreferences.h>
| int
| main (void)
| {
| CFPreferencesCopyAppValue(NULL, NULL)
|   ;
|   return 0;
| }
configure:6029: result: no
configure:6036: checking for CFLocaleCopyCurrent
configure:6055: gcc -o conftest -g -O2   conftest.c  -Wl,-framework -Wl,CoreFoundation >&5
conftest.c:24:10: fatal error: CoreFoundation/CFLocale.h: No such file or directory
   24 | #include <CoreFoundation/CFLocale.h>
      |          ^~~~~~~~~~~~~~~~~~~~~~~~~~~
compilation terminated.
configure:6055: $? = 1
configure: failed program was:
| /* confdefs.h */
| #define PACKAGE_NAME "lab6"
| #define PACKAGE_TARNAME "lab6"
| #define PACKAGE_VERSION "0.1"
| #define PACKAGE_STRING "lab6 0.1"
| #define PACKAGE_BUGREPORT ""
| #define PACKAGE_URL ""
| #define PACKAGE "lab6"
| #define VERSION "0.1"
| #define GETTEXT_PACKAGE "lab6"
| #define HAVE_STDIO_H 1
| #define HAVE_STDLIB_H 1
| #define HAVE_STRING_H 1
| #define HAVE_INTTYPES_H 1
| #define HAVE_STDINT_H 1
| #define HAVE_STRINGS_H 1
| #define HAVE_SYS_STAT_H 1
| #define HAVE_SYS_TYPES_H 1
| #define HAVE_UNISTD_H 1
| #define STDC_HEADERS 1
| #define HAVE_LOCALE_H 1
| #define HAVE_LC_MESSAGES 1
| /* end confdefs.h.  */
| #include <CoreFoundation/CFLocale.h>
| int
| main (void)
| {
| CFLocaleCopyCurrent();
|   ;
|   return 0;
| }
configure:6065: result: no
configure:6079: checking for libintl.h
configure:6079: gcc -c -g -O2  conftest.c >&5
configure:6079: $? = 0
configure:6079: result: yes
configure:6088: checking for ngettext in libc
configure:6107: gcc -o conftest -g -O2   conftest.c  >&5
configure:6107: $? = 0
configure:6117: result: yes
configure:6121: checking for dgettext in libc
configure:6140: gcc -o conftest -g -O2   conftest.c  >&5
configure:6140: $? = 0
configure:6150: result: yes
configure:6155: checking for bind_textdomain_codeset
configure:6155: gcc -o conftest -g -O2   conftest.c  >&5
configure:6155: $? = 0
configure:6155: result: yes
configure:6425: checking for msgfmt
configure:6453: result: /usr/bin/msgfmt
configure:6462: checking for dcgettext
configure:6462: gcc -o conftest -g -O2   conftest.c   >&5
conftest.c:42:6: warning: conflicting types for built-in function 'dcgettext'; expected 'char *(const char *, const char *, int)' [-Wbuiltin-declaration-mismatch]
   42 | char dcgettext ();
      |      ^~~~~~~~~
configure:6462: $? = 0
configure:6462: result: yes
configure:6470: checking if msgfmt accepts -c
configure:6485: $MSGFMT -c -o /dev/null conftest.foo
conftest.foo:3: warning: header field 'Language' missing in header
configure:6488: $? = 0
configure:6490: result: yes
configure:6500: checking for gmsgfmt
configure:6536: result: /usr/bin/msgfmt
configure:6546: checking for xgettext
configure:6574: result: /usr/bin/xgettext
configure:6593: gcc -o conftest -g -O2   conftest.c   >&5
configure:6593: $? = 0
configure:6770: checking build system type
configure:6785: result: x86_64-pc-linux-gnu
configure:6805: checking host system type
configure:6819: result: x86_64-pc-linux-gnu
configure:6860: checking how to print strings
configure:6887: result: printf
configure:6908: checking for a sed that does not truncate output
configure:6978: result: /usr/bin/sed
configure:6996: checking for grep that handles long lines and -e
configure:7060: result: /usr/bin/grep
configure:7065: checking for egrep
configure:7133: result: /usr/bin/grep -E
configure:7138: checking for fgrep
configure:7206: result: /usr/bin/grep -F
configure:7242: checking for ld used by gcc
configure:7310: result: /usr/bin/ld
configure:7317: checking if the linker (/usr/bin/ld) is GNU ld
configure:7333: result: yes
configure:7345: checking for BSD- or MS-compatible name lister (nm)
configure:7400: result: /usr/bin/nm -B
configure:7540: checking the name lister (/usr/bin/nm -B) interface
configure:7548: gcc -c -g -O2  conftest.c >&5
configure:7551: /usr/bin/nm -B "conftest.o"
configure:7554: output
0000000000000000 B some_variable
configure:7561: result: BSD nm
configure:7564: checking whether ln -s works
configure:7568: result: yes
configure:7576: checking the maximum length of command line arguments
configure:7708: result: 1572864
configure:7756: checking how to convert x86_64-pc-linux-gnu file names to x86_64-pc-linux-gnu format
configure:7797: result: func_convert_file_noop
configure:7804: checking how to convert x86_64-pc-linux-gnu file names to toolchain format
configure:7825: result: func_convert_file_noop
configure:7832: checking for /usr/bin/ld option to reload object files
configure:7840: result: -r
configure:7919: checking for objdump
configure:7940: found /usr/bin/objdump
configure:7951: result: objdump
configure:7983: checking how to recognize dependent libraries
configure:8184: result: pass_all
configure:8274: checking for dlltool
configure:8309: result: no
configure:8339: checking how to associate runtime and link libraries
configure:8367: result: printf %s\n
configure:8432: checking for ar
configure:8453: found /usr/bin/ar
configure:8464: result: ar
configure:8501: checking for archiver @FILE support
configure:8519: gcc -c -g -O2  conftest.c >&5
configure:8519: $? = 0
configure:8523: ar cr libconftest.a @conftest.lst >&5
configure:8526: $? = 0
configure:8531: ar cr libconftest.a @conftest.lst >&5
ar: conftest.o: No such file or directory
configure:8534: $? = 1
configure:8546: result: @
configure:8609: checking for strip
configure:8630: found /usr/bin/strip
configure:8641: result: strip
configure:8718: checking for ranlib
configure:8739: found /usr/bin/ranlib
configure:8750: result: ranlib
configure:8852: checking command to parse /usr/bin/nm -B output from gcc object
configure:9006: gcc -c -g -O2  conftest.c >&5
configure:9009: $? = 0
configure:9013: /usr/bin/nm -B conftest.o | sed -n -e 's/^.*[	 ]\([ABCDGIRSTW][ABCDGIRSTW]*\)[	 ][	 ]*\([_A-Za-z][_A-Za-z0-9]*\)$/\1 \2 \2/p' | sed '/ __gnu_lto/d' > conftest.nm
configure:9079: gcc -o conftest -g -O2   conftest.c conftstm.o >&5
configure:9082: $? = 0
configure:9120: result: ok
configure:9167: checking for sysroot
configure:9198: result: no
configure:9205: checking for a working dd
configure:9249: result: /usr/bin/dd
configure:9253: checking how to truncate binary pipes
configure:9269: result: /usr/bin/dd bs=4096 count=1
configure:9406: gcc -c -g -O2  conftest.c >&5
configure:9409: $? = 0
configure:9606: checking for mt
configure:9627: found /usr/bin/mt
configure:9638: result: mt
configure:9661: checking if mt is a manifest tool
configure:9668: mt '-?'
configure:9676: result: no
configure:10402: checking for dlfcn.h
configure:10402: gcc -c -g -O2  conftest.c >&5
configure:10402: $? = 0
configure:10402: result: yes
configure:10672: checking for objdir
configure:10688: result: .libs
configure:10948: checking if gcc supports -fno-rtti -fno-exceptions
configure:10967: gcc -c -g -O2  -fno-rtti -fno-exceptions conftest.c >&5
cc1: warning: command-line option '-fno-rtti' is valid for C++/D/ObjC++ but not for C
configure:10971: $? = 0
configure:10984: result: no
configure:11348: checking for gcc option to produce PIC
configure:11356: result: -fPIC -DPIC
configure:11364: checking if gcc PIC flag -fPIC -DPIC works
configure:11383: gcc -c -g -O2  -fPIC -DPIC -DPIC conftest.c >&5
configure:11387: $? = 0
configure:11400: result: yes
configure:11429: checking if gcc static flag -static works
configure:11458: result: yes
configure:11473: checking if gcc supports -c -o file.o
configure:11495: gcc -c -g -O2  -o out/conftest2.o conftest.c >&5
configure:11499: $? = 0
configure:11521: result: yes
configure:11529: checking if gcc supports -c -o file.o
configure:11577: result: yes
configure:11610: checking whether the gcc linker (/usr/bin/ld -m elf_x86_64) supports shared libraries
configure:12880: result: yes
configure:12917: checking whether -lc should be explicitly linked in
configure:12926: gcc -c -g -O2  conftest.c >&5
configure:12929: $? = 0
configure:12944: gcc -shared  -fPIC -DPIC conftest.o  -v -Wl,-soname -Wl,conftest -o conftest 2\>\&1 \| /usr/bin/grep  -lc  \>/dev/null 2\>\&1
configure:12947: $? = 0
configure:12961: result: no
configure:13121: checking dynamic linker characteristics
configure:13703: gcc -o conftest -g -O2   -Wl,-rpath -Wl,/foo conftest.c  >&5
configure:13703: $? = 0
configure:13954: result: GNU/Linux ld.so
configure:14076: checking how to hardcode library paths into programs
configure:14101: result: immediate
configure:14653: checking whether stripping libraries is possible
configure:14658: result: yes
configure:14693: checking if libtool supports shared libraries
configure:14695: result: yes
configure:14698: checking whether to build shared libraries
configure:14723: result: yes
configure:14726: checking whether to build static libraries
configure:14730: result: yes
configure:14753: checking how to run the C++ preprocessor
configure:14775: g++ -E  conftest.cpp
configure:14775: $? = 0
configure:14790: g++ -E  conftest.cpp
conftest.cpp:30:10: fatal error: ac_nonexistent.h: No such file or directory
   30 | #include <ac_nonexistent.h>
      |          ^~~~~~~~~~~~~~~~~~
compilation terminated.
configure:14790: $? = 1
configure: failed program was:
| /* confdefs.h */
| #define PACKAGE_NAME "lab6"
| #define PACKAGE_TARNAME "lab6"
| #define PACKAGE_VERSION "0.1"
| #define PACKAGE_STRING "lab6 0.1"
| #define PACKAGE_BUGREPORT ""
| #define PACKAGE_URL ""
| #define PACKAGE "lab6"
| #define VERSION "0.1"
| #define GETTEXT_PACKAGE "lab6"
| #define HAVE_STDIO_H 1
| #define HAVE_STDLIB_H 1
| #define HAVE_STRING_H 1
| #define HAVE_INTTYPES_H 1
| #define HAVE_STDINT_H 1
| #define HAVE_STRINGS_H 1
| #define HAVE_SYS_STAT_H 1
| #define HAVE_SYS_TYPES_H 1
| #define HAVE_UNISTD_H 1
| #define STDC_HEADERS 1
| #define HAVE_LOCALE_H 1
| #define HAVE_LC_MESSAGES 1
| #define HAVE_BIND_TEXTDOMAIN_CODESET 1
| #define HAVE_GETTEXT 1
| #define HAVE_DCGETTEXT 1
| #define ENABLE_NLS 1
| #define HAVE_DLFCN_H 1
| #define LT_OBJDIR ".libs/"
| /* end confdefs.h.  */
| #include <ac_nonexistent.h>
configure:14817: result: g++ -E
configure:14831: g++ -E  conftest.cpp
configure:14831: $? = 0
configure:14846: g++ -E  conftest.cpp
conftest.cpp:30:10: fatal error: ac_nonexistent.h: No such file or directory
   30 | #include <ac_nonexistent.h>
      |          ^~~~~~~~~~~~~~~~~~
compilation terminated.
configure:14846: $? = 1
configure: failed program was:
| /* confdefs.h */
| #define PACKAGE_NAME "lab6"
| #define PACKAGE_TARNAME "lab6"
| #define PACKAGE_VERSION "0.1"
| #define PACKAGE_STRING "lab6 0.1"
| #define PACKAGE_BUGREPORT ""
| #define PACKAGE_URL ""
| #define PACKAGE "lab6"
| #define VERSION "0.1"
| #define GETTEXT_PACKAGE "lab6"
| #define HAVE_STDIO_H 1
| #define HAVE_STDLIB_H 1
| #define HAVE_STRING_H 1
| #define HAVE_INTTYPES_H 1
| #define HAVE_STDINT_H 1
| #define HAVE_STRINGS_H 1
| #define HAVE_SYS_STAT_H 1
| #define HAVE_SYS_TYPES_H 1
| #define HAVE_UNISTD_H 1
| #define STDC_HEADERS 1
| #define HAVE_LOCALE_H 1
| #define HAVE_LC_MESSAGES 1
| #define HAVE_BIND_TEXTDOMAIN_CODESET 1
| #define HAVE_GETTEXT 1
| #define HAVE_DCGETTEXT 1
| #define ENABLE_NLS 1
| #define HAVE_DLFCN_H 1
| #define LT_OBJDIR ".libs/"
| /* end confdefs.h.  */
| #include <ac_nonexistent.h>
configure:15011: checking for ld used by g++
configure:15079: result: /usr/bin/ld -m elf_x86_64
configure:15086: checking if the linker (/usr/bin/ld -m elf_x86_64) is GNU ld
configure:15102: result: yes
configure:15157: checking whether the g++ linker (/usr/bin/ld -m elf_x86_64) supports shared libraries
configure:16234: result: yes
configure:16270: g++ -c -g -O2  conftest.cpp >&5
configure:16273: $? = 0
configure:16754: checking for g++ option to produce PIC
configure:16762: result: -fPIC -DPIC
configure:16770: checking if g++ PIC flag -fPIC -DPIC works
configure:16789: g++ -c -g -O2  -fPIC -DPIC -DPIC conftest.cpp >&5
configure:16793: $? = 0
configure:16806: result: yes
configure:16829: checking if g++ static flag -static works
configure:16858: result: yes
configure:16870: checking if g++ supports -c -o file.o
configure:16892: g++ -c -g -O2  -o out/conftest2.o conftest.cpp >&5
configure:16896: $? = 0
configure:16918: result: yes
configure:16923: checking if g++ supports -c -o file.o
configure:16971: result: yes
configure:17001: checking whether the g++ linker (/usr/bin/ld -m elf_x86_64) supports shared libraries
configure:17044: result: yes
configure:17186: checking dynamic linker characteristics
configure:17946: result: GNU/Linux ld.so
configure:18011: checking how to hardcode library paths into programs
configure:18036: result: immediate
configure:18205: checking that generated files are newer than configure
configure:18211: result: done
configure:18242: creating ./config.status

## ---------------------- ##
## Running config.status. ##
## ---------------------- ##

This file was extended by lab6 config.status 0.1, which was
generated by GNU Autoconf 2.71.  Invocation command line was

  CONFIG_FILES    = 
  CONFIG_HEADERS  = 
  CONFIG_LINKS    = 
  CONFIG_COMMANDS = 
  $ ./config.status 

on kdetlet-VirtualBox

config.status:1222: creating Makefile
config.status:1222: creating src/Makefile
config.status:1222: creating po/Makefile.in
config.status:1222: creating config.h
config.status:1451: executing depfiles commands
config.status:1528: cd src       && sed -e '/# am--include-marker/d' Makefile         | make -f - am--depfiles
config.status:1533: $? = 0
config.status:1451: executing default-1 commands
config.status:1451: executing libtool commands
config.status:1451: executing po/stamp-it commands
configure:20672: WARNING: unrecognized options: --enable-maintainer-mode

## ---------------- ##
## Cache variables. ##
## ---------------- ##

ac_cv_build=x86_64-pc-linux-gnu
ac_cv_c_compiler_gnu=yes
ac_cv_cxx_compiler_gnu=yes
ac_cv_env_CCC_set=
ac_cv_env_CCC_value=
ac_cv_env_CC_set=
ac_cv_env_CC_value=
ac_cv_env_CFLAGS_set=
ac_cv_env_CFLAGS_value=
ac_cv_env_CPPFLAGS_set=
ac_cv_env_CPPFLAGS_value=
ac_cv_env_CXXCPP_set=
ac_cv_env_CXXCPP_value=
ac_cv_env_CXXFLAGS_set=
ac_cv_env_CXXFLAGS_value=
ac_cv_env_CXX_set=
ac_cv_env_CXX_value=
ac_cv_env_LDFLAGS_set=
ac_cv_env_LDFLAGS_value=
ac_cv_env_LIBS_set=
ac_cv_env_LIBS_value=
ac_cv_env_LT_SYS_LIBRARY_PATH_set=
ac_cv_env_LT_SYS_LIBRARY_PATH_value=
ac_cv_env_build_alias_set=
ac_cv_env_build_alias_value=
ac_cv_env_host_alias_set=
ac_cv_env_host_alias_value=
ac_cv_env_target_alias_set=
ac_cv_env_target_alias_value=
ac_cv_func_bind_textdomain_codeset=yes
ac_cv_func_dcgettext=yes
ac_cv_header_dlfcn_h=yes
ac_cv_header_inttypes_h=yes
ac_cv_header_libintl_h=yes
ac_cv_header_locale_h=yes
ac_cv_header_stdint_h=yes
ac_cv_header_stdio_h=yes
ac_cv_header_stdlib_h=yes
ac_cv_header_string_h=yes
ac_cv_header_strings_h=yes
ac_cv_header_sys_stat_h=yes
ac_cv_header_sys_types_h=yes
ac_cv_header_unistd_h=yes
ac_cv_host=x86_64-pc-linux-gnu
ac_cv_objext=o
ac_cv_path_EGREP='/usr/bin/grep -E'
ac_cv_path_FGREP='/usr/bin/grep -F'
ac_cv_path_GMSGFMT=/usr/bin/msgfmt
ac_cv_path_GREP=/usr/bin/grep
ac_cv_path_INTLTOOL_EXTRACT=/usr/bin/intltool-extract
ac_cv_path_INTLTOOL_MERGE=/usr/bin/intltool-merge
ac_cv_path_INTLTOOL_PERL=/usr/bin/perl
ac_cv_path_INTLTOOL_UPDATE=/usr/bin/intltool-update
ac_cv_path_MSGFMT=/usr/bin/msgfmt
ac_cv_path_MSGMERGE=/usr/bin/msgmerge
ac_cv_path_SED=/usr/bin/sed
ac_cv_path_XGETTEXT=/usr/bin/xgettext
ac_cv_path_install='/usr/bin/install -c'
ac_cv_path_lt_DD=/usr/bin/dd
ac_cv_path_mkdir=/usr/bin/mkdir
ac_cv_prog_AWK=mawk
ac_cv_prog_CXXCPP='g++ -E'
ac_cv_prog_ac_ct_AR=ar
ac_cv_prog_ac_ct_CC=gcc
ac_cv_prog_ac_ct_CXX=g++
ac_cv_prog_ac_ct_MANIFEST_TOOL=mt
ac_cv_prog_ac_ct_OBJDUMP=objdump
ac_cv_prog_ac_ct_RANLIB=ranlib
ac_cv_prog_ac_ct_STRIP=strip
ac_cv_prog_cc_c11=
ac_cv_prog_cc_g=yes
ac_cv_prog_cc_stdc=
ac_cv_prog_cxx_11=no
ac_cv_prog_cxx_cxx11=
ac_cv_prog_cxx_g=yes
ac_cv_prog_cxx_stdcxx=
ac_cv_prog_make_make_set=yes
am_cv_CC_dependencies_compiler_type=gcc3
am_cv_CXX_dependencies_compiler_type=gcc3
am_cv_make_support_nested_variables=yes
am_cv_prog_cc_c_o=yes
am_cv_val_LC_MESSAGES=yes
gt_cv_func_CFLocaleCopyCurrent=no
gt_cv_func_CFPreferencesCopyAppValue=no
gt_cv_func_dgettext_libc=yes
gt_cv_func_dgettext_libintl=no
gt_cv_func_ngettext_libc=yes
gt_cv_have_gettext=yes
lt_cv_ar_at_file=@
lt_cv_archive_cmds_need_lc=no
lt_cv_deplibs_check_method=pass_all
lt_cv_file_magic_cmd='$MAGIC_CMD'
lt_cv_file_magic_test_file=
lt_cv_ld_reload_flag=-r
lt_cv_nm_interface='BSD nm'
lt_cv_objdir=.libs
lt_cv_path_LD=/usr/bin/ld
lt_cv_path_LDCXX='/usr/bin/ld -m elf_x86_64'
lt_cv_path_NM='/usr/bin/nm -B'
lt_cv_path_mainfest_tool=no
lt_cv_prog_compiler_c_o=yes
lt_cv_prog_compiler_c_o_CXX=yes
lt_cv_prog_compiler_pic='-fPIC -DPIC'
lt_cv_prog_compiler_pic_CXX='-fPIC -DPIC'
lt_cv_prog_compiler_pic_works=yes
lt_cv_prog_compiler_pic_works_CXX=yes
lt_cv_prog_compiler_rtti_exceptions=no
lt_cv_prog_compiler_static_works=yes
lt_cv_prog_compiler_static_works_CXX=yes
lt_cv_prog_gnu_ld=yes
lt_cv_prog_gnu_ldcxx=yes
lt_cv_sharedlib_from_linklib_cmd='printf %s\n'
lt_cv_shlibpath_overrides_runpath=yes
lt_cv_sys_global_symbol_pipe='sed -n -e '\''s/^.*[	 ]\([ABCDGIRSTW][ABCDGIRSTW]*\)[	 ][	 ]*\([_A-Za-z][_A-Za-z0-9]*\)$/\1 \2 \2/p'\'' | sed '\''/ __gnu_lto/d'\'''
lt_cv_sys_global_symbol_to_c_name_address='sed -n -e '\''s/^: \(.*\) .*$/  {"\1", (void *) 0},/p'\'' -e '\''s/^[ABCDGIRSTW][ABCDGIRSTW]* .* \(.*\)$/  {"\1", (void *) \&\1},/p'\'''
lt_cv_sys_global_symbol_to_c_name_address_lib_prefix='sed -n -e '\''s/^: \(.*\) .*$/  {"\1", (void *) 0},/p'\'' -e '\''s/^[ABCDGIRSTW][ABCDGIRSTW]* .* \(lib.*\)$/  {"\1", (void *) \&\1},/p'\'' -e '\''s/^[ABCDGIRSTW][ABCDGIRSTW]* .* \(.*\)$/  {"lib\1", (void *) \&\1},/p'\'''
lt_cv_sys_global_symbol_to_cdecl='sed -n -e '\''s/^T .* \(.*\)$/extern int \1();/p'\'' -e '\''s/^[ABCDGIRSTW][ABCDGIRSTW]* .* \(.*\)$/extern char \1;/p'\'''
lt_cv_sys_global_symbol_to_import=
lt_cv_sys_max_cmd_len=1572864
lt_cv_to_host_file_cmd=func_convert_file_noop
lt_cv_to_tool_file_cmd=func_convert_file_noop
lt_cv_truncate_bin='/usr/bin/dd bs=4096 count=1'

## ----------------- ##
## Output variables. ##
## ----------------- ##

ACLOCAL='${SHELL} '\''/home/kdetlet/ece2620/labs/lab6/missing'\'' aclocal-1.16'
ALL_LINGUAS=''
AMDEPBACKSLASH='\'
AMDEP_FALSE='#'
AMDEP_TRUE=''
AMTAR='$${TAR-tar}'
AM_BACKSLASH='\'
AM_DEFAULT_V='$(AM_DEFAULT_VERBOSITY)'
AM_DEFAULT_VERBOSITY='0'
AM_V='$(V)'
AR='ar'
AUTOCONF='${SHELL} '\''/home/kdetlet/ece2620/labs/lab6/missing'\'' autoconf'
AUTOHEADER='${SHELL} '\''/home/kdetlet/ece2620/labs/lab6/missing'\'' autoheader'
AUTOMAKE='${SHELL} '\''/home/kdetlet/ece2620/labs/lab6/missing'\'' automake-1.16'
AWK='mawk'
CATALOGS=''
CATOBJEXT='.gmo'
CC='gcc'
CCDEPMODE='depmode=gcc3'
CFLAGS='-g -O2'
CPPFLAGS=''
CSCOPE='cscope'
CTAGS='ctags'
CXX='g++'
CXXCPP='g++ -E'
CXXDEPMODE='depmode=gcc3'
CXXFLAGS='-g -O2'
CYGPATH_W='echo'
DATADIRNAME='share'
DEFS='-DHAVE_CONFIG_H'
DEPDIR='.deps'
DLLTOOL='false'
DSYMUTIL=''
DUMPBIN=''
ECHO_C=''
ECHO_N='-n'
ECHO_T=''
EGREP='/usr/bin/grep -E'
ETAGS='etags'
EXEEXT=''
FGREP='/usr/bin/grep -F'
GETTEXT_PACKAGE='lab6'
GMOFILES=''
GMSGFMT='/usr/bin/msgfmt'
GREP='/usr/bin/grep'
INSTALL_DATA='${INSTALL} -m 644'
INSTALL_PROGRAM='${INSTALL}'
INSTALL_SCRIPT='${INSTALL}'
INSTALL_STRIP_PROGRAM='$(install_sh) -c -s'
INSTOBJEXT='.mo'
INTLLIBS=''
INTLTOOL_CAVES_RULE='%.caves:     %.caves.in     $(INTLTOOL_MERGE) $(wildcard $(top_srcdir)/po/*.po) ; $(INTLTOOL_V_MERGE)LC_ALL=C $(INTLTOOL_MERGE) $(INTLTOOL_V_MERGE_OPTIONS) -d -u -c $(top_builddir)/po/.intltool-merge-cache $(top_srcdir)/po $< $@'
INTLTOOL_DESKTOP_RULE='%.desktop:   %.desktop.in   $(INTLTOOL_MERGE) $(wildcard $(top_srcdir)/po/*.po) ; $(INTLTOOL_V_MERGE)LC_ALL=C $(INTLTOOL_MERGE) $(INTLTOOL_V_MERGE_OPTIONS) -d -u -c $(top_builddir)/po/.intltool-merge-cache $(top_srcdir)/po $< $@'
INTLTOOL_DIRECTORY_RULE='%.directory: %.directory.in $(INTLTOOL_MERGE) $(wildcard $(top_srcdir)/po/*.po) ; $(INTLTOOL_V_MERGE)LC_ALL=C $(INTLTOOL_MERGE) $(INTLTOOL_V_MERGE_OPTIONS) -d -u -c $(top_builddir)/po/.intltool-merge-cache $(top_srcdir)/po $< $@'
INTLTOOL_EXTRACT='/usr/bin/intltool-extract'
INTLTOOL_KBD_RULE='%.kbd:       %.kbd.in       $(INTLTOOL_MERGE) $(wildcard $(top_srcdir)/po/*.po) ; $(INTLTOOL_V_MERGE)LC_ALL=C $(INTLTOOL_MERGE) $(INTLTOOL_V_MERGE_OPTIONS) -x -u -m -c $(top_builddir)/po/.intltool-merge-cache $(top_srcdir)/po $< $@'
INTLTOOL_KEYS_RULE='%.keys:      %.keys.in      $(INTLTOOL_MERGE) $(wildcard $(top_srcdir)/po/*.po) ; $(INTLTOOL_V_MERGE)LC_ALL=C $(INTLTOOL_MERGE) $(INTLTOOL_V_MERGE_OPTIONS) -k -u -c $(top_builddir)/po/.intltool-merge-cache $(top_srcdir)/po $< $@'
INTLTOOL_MERGE='/usr/bin/intltool-merge'
INTLTOOL_OAF_RULE='%.oaf:       %.oaf.in       $(INTLTOOL_MERGE) $(wildcard $(top_srcdir)/po/*.po) ; $(INTLTOOL_V_MERGE)LC_ALL=C $(INTLTOOL_MERGE) $(INTLTOOL_V_MERGE_OPTIONS) -o -p $(top_srcdir)/po $< $@'
INTLTOOL_PERL='/usr/bin/perl'
INTLTOOL_POLICY_RULE='%.policy:    %.policy.in    $(INTLTOOL_MERGE) $(wildcard $(top_srcdir)/po/*.po) ; $(INTLTOOL_V_MERGE)LC_ALL=C $(INTLTOOL_MERGE) $(INTLTOOL_V_MERGE_OPTIONS) -x -u -c $(top_builddir)/po/.intltool-merge-cache $(top_srcdir)/po $< $@'
INTLTOOL_PONG_RULE='%.pong:      %.pong.in      $(INTLTOOL_MERGE) $(wildcard $(top_srcdir)/po/*.po) ; $(INTLTOOL_V_MERGE)LC_ALL=C $(INTLTOOL_MERGE) $(INTLTOOL_V_MERGE_OPTIONS) -x -u -c $(top_builddir)/po/.intltool-merge-cache $(top_srcdir)/po $< $@'
INTLTOOL_PROP_RULE='%.prop:      %.prop.in      $(INTLTOOL_MERGE) $(wildcard $(top_srcdir)/po/*.po) ; $(INTLTOOL_V_MERGE)LC_ALL=C $(INTLTOOL_MERGE) $(INTLTOOL_V_MERGE_OPTIONS) -d -u -c $(top_builddir)/po/.intltool-merge-cache $(top_srcdir)/po $< $@'
INTLTOOL_SCHEMAS_RULE='%.schemas:   %.schemas.in   $(INTLTOOL_MERGE) $(wildcard $(top_srcdir)/po/*.po) ; $(INTLTOOL_V_MERGE)LC_ALL=C $(INTLTOOL_MERGE) $(INTLTOOL_V_MERGE_OPTIONS) -s -u -c $(top_builddir)/po/.intltool-merge-cache $(top_srcdir)/po $< $@'
INTLTOOL_SERVER_RULE='%.server:    %.server.in    $(INTLTOOL_MERGE) $(wildcard $(top_srcdir)/po/*.po) ; $(INTLTOOL_V_MERGE)LC_ALL=C $(INTLTOOL_MERGE) $(INTLTOOL_V_MERGE_OPTIONS) -o -u -c $(top_builddir)/po/.intltool-merge-cache $(top_srcdir)/po $< $@'
INTLTOOL_SERVICE_RULE='%.service: %.service.in   $(INTLTOOL_MERGE) $(wildcard $(top_srcdir)/po/*.po) ; $(INTLTOOL_V_MERGE)LC_ALL=C $(INTLTOOL_MERGE) $(INTLTOOL_V_MERGE_OPTIONS) -d -u -c $(top_builddir)/po/.intltool-merge-cache $(top_srcdir)/po $< $@'
INTLTOOL_SHEET_RULE='%.sheet:     %.sheet.in     $(INTLTOOL_MERGE) $(wildcard $(top_srcdir)/po/*.po) ; $(INTLTOOL_V_MERGE)LC_ALL=C $(INTLTOOL_MERGE) $(INTLTOOL_V_MERGE_OPTIONS) -x -u -c $(top_builddir)/po/.intltool-merge-cache $(top_srcdir)/po $< $@'
INTLTOOL_SOUNDLIST_RULE='%.soundlist: %.soundlist.in $(INTLTOOL_MERGE) $(wildcard $(top_srcdir)/po/*.po) ; $(INTLTOOL_V_MERGE)LC_ALL=C $(INTLTOOL_MERGE) $(INTLTOOL_V_MERGE_OPTIONS) -d -u -c $(top_builddir)/po/.intltool-merge-cache $(top_srcdir)/po $< $@'
INTLTOOL_THEME_RULE='%.theme:     %.theme.in     $(INTLTOOL_MERGE) $(wildcard $(top_srcdir)/po/*.po) ; $(INTLTOOL_V_MERGE)LC_ALL=C $(INTLTOOL_MERGE) $(INTLTOOL_V_MERGE_OPTIONS) -d -u -c $(top_builddir)/po/.intltool-merge-cache $(top_srcdir)/po $< $@'
INTLTOOL_UI_RULE='%.ui:        %.ui.in        $(INTLTOOL_MERGE) $(wildcard $(top_srcdir)/po/*.po) ; $(INTLTOOL_V_MERGE)LC_ALL=C $(INTLTOOL_MERGE) $(INTLTOOL_V_MERGE_OPTIONS) -x -u -c $(top_builddir)/po/.intltool-merge-cache $(top_srcdir)/po $< $@'
INTLTOOL_UPDATE='/usr/bin/intltool-update'
INTLTOOL_V_MERGE='$(INTLTOOL__v_MERGE_$(V))'
INTLTOOL_V_MERGE_OPTIONS='$(intltool__v_merge_options_$(V))'
INTLTOOL_XAM_RULE='%.xam:       %.xml.in       $(INTLTOOL_MERGE) $(wildcard $(top_srcdir)/po/*.po) ; $(INTLTOOL_V_MERGE)LC_ALL=C $(INTLTOOL_MERGE) $(INTLTOOL_V_MERGE_OPTIONS) -x -u -c $(top_builddir)/po/.intltool-merge-cache $(top_srcdir)/po $< $@'
INTLTOOL_XML_NOMERGE_RULE='%.xml:       %.xml.in       $(INTLTOOL_MERGE) ; $(INTLTOOL_V_MERGE)LC_ALL=C $(INTLTOOL_MERGE) $(INTLTOOL_V_MERGE_OPTIONS) -x -u --no-translations $< $@'
INTLTOOL_XML_RULE='%.xml:       %.xml.in       $(INTLTOOL_MERGE) $(wildcard $(top_srcdir)/po/*.po) ; $(INTLTOOL_V_MERGE)LC_ALL=C $(INTLTOOL_MERGE) $(INTLTOOL_V_MERGE_OPTIONS) -x -u -c $(top_builddir)/po/.intltool-merge-cache $(top_srcdir)/po $< $@'
INTLTOOL__v_MERGE_0='@echo "  ITMRG " $@;'
INTLTOOL__v_MERGE_='$(INTLTOOL__v_MERGE_$(AM_DEFAULT_VERBOSITY))'
INTL_MACOSX_LIBS=''
LD='/usr/bin/ld -m elf_x86_64'
LDFLAGS=''
LIBOBJS=''
LIBS=''
LIBTOOL='$(SHELL) $(top_builddir)/libtool'
LIPO=''
LN_S='ln -s'
LTLIBOBJS=''
LT_SYS_LIBRARY_PATH=''
MAKEINFO='${SHELL} '\''/home/kdetlet/ece2620/labs/lab6/missing'\'' makeinfo'
MANIFEST_TOOL=':'
MKDIR_P='/usr/bin/mkdir -p'
MKINSTALLDIRS='.//mkinstalldirs'
MSGFMT='/usr/bin/msgfmt'
MSGFMT_OPTS='-c'
MSGMERGE='/usr/bin/msgmerge'
NM='/usr/bin/nm -B'
NMEDIT=''
OBJDUMP='objdump'
OBJEXT='o'
OTOOL64=''
OTOOL=''
PACKAGE='lab6'
PACKAGE_BUGREPORT=''
PACKAGE_NAME='lab6'
PACKAGE_STRING='lab6 0.1'
PACKAGE_TARNAME='lab6'
PACKAGE_URL=''
PACKAGE_VERSION='0.1'
PATH_SEPARATOR=':'
POFILES=''
POSUB='po'
PO_IN_DATADIR_FALSE=''
PO_IN_DATADIR_TRUE=''
RANLIB='ranlib'
SED='/usr/bin/sed'
SET_MAKE=''
SHELL='/bin/bash'
STRIP='strip'
USE_NLS='yes'
VERSION='0.1'
XGETTEXT='/usr/bin/xgettext'
ac_ct_AR='ar'
ac_ct_CC='gcc'
ac_ct_CXX='g++'
ac_ct_DUMPBIN=''
am__EXEEXT_FALSE=''
am__EXEEXT_TRUE='#'
am__fastdepCC_FALSE='#'
am__fastdepCC_TRUE=''
am__fastdepCXX_FALSE='#'
am__fastdepCXX_TRUE=''
am__include='include'
am__isrc=''
am__leading_dot='.'
am__nodep='_no'
am__quote=''
am__tar='$${TAR-tar} chof - "$$tardir"'
am__untar='$${TAR-tar} xf -'
bindir='${exec_prefix}/bin'
build='x86_64-pc-linux-gnu'
build_alias=''
build_cpu='x86_64'
build_os='linux-gnu'
build_vendor='pc'
datadir='${datarootdir}'
datarootdir='${prefix}/share'
docdir='${datarootdir}/doc/${PACKAGE_TARNAME}'
dvidir='${docdir}'
exec_prefix='${prefix}'
host='x86_64-pc-linux-gnu'
host_alias=''
host_cpu='x86_64'
host_os='linux-gnu'
host_vendor='pc'
htmldir='${docdir}'
includedir='${prefix}/include'
infodir='${datarootdir}/info'
install_sh='${SHELL} /home/kdetlet/ece2620/labs/lab6/install-sh'
intltool__v_merge_options_0='-q'
intltool__v_merge_options_='$(intltool__v_merge_options_$(AM_DEFAULT_VERBOSITY))'
libdir='${exec_prefix}/lib'
libexecdir='${exec_prefix}/libexec'
localedir='${datarootdir}/locale'
localstatedir='${prefix}/var'
mandir='${datarootdir}/man'
mkdir_p='$(MKDIR_P)'
oldincludedir='/usr/include'
pdfdir='${docdir}'
prefix='/usr/local'
program_transform_name='s,x,x,'
psdir='${docdir}'
runstatedir='${localstatedir}/run'
sbindir='${exec_prefix}/sbin'
sharedstatedir='${prefix}/com'
sysconfdir='${prefix}/etc'
target_alias=''

## ----------- ##
## confdefs.h. ##
## ----------- ##

/* confdefs.h */
#define PACKAGE_NAME "lab6"
#define PACKAGE_TARNAME "lab6"
#define PACKAGE_VERSION "0.1"
#define PACKAGE_STRING "lab6 0.1"
#define PACKAGE_BUGREPORT ""
#define PACKAGE_URL ""
#define PACKAGE "lab6"
#define VERSION "0.1"
#define GETTEXT_PACKAGE "lab6"
#define HAVE_STDIO_H 1
#define HAVE_STDLIB_H 1
#define HAVE_STRING_H 1
#define HAVE_INTTYPES_H 1
#define HAVE_STDINT_H 1
#define HAVE_STRINGS_H 1
#define HAVE_SYS_STAT_H 1
#define HAVE_SYS_TYPES_H 1
#define HAVE_UNISTD_H 1
#define STDC_HEADERS 1
#define HAVE_LOCALE_H 1
#define HAVE_LC_MESSAGES 1
#define HAVE_BIND_TEXTDOMAIN_CODESET 1
#define HAVE_GETTEXT 1
#define HAVE_DCGETTEXT 1
#define ENABLE_NLS 1
#define HAVE_DLFCN_H 1
#define LT_OBJDIR ".libs/"

configure: exit 0

## ---------------------- ##
## Running config.status. ##
## ---------------------- ##

This file was extended by lab6 config.status 0.1, which was
generated by GNU Autoconf 2.71.  Invocation command line was

  CONFIG_FILES    = 
  CONFIG_HEADERS  = 
  CONFIG_LINKS    = 
  CONFIG_COMMANDS = 
  $ ./config.status src/Makefile depfiles

on kdetlet-VirtualBox

config.status:1222: creating src/Makefile
config.status:1451: executing depfiles commands
config.status:1528: cd src       && sed -e '/# am--include-marker/d' Makefile         | make -f - am--depfiles
make[3]: Entering directory '/home/kdetlet/ece2620/labs/lab6/src'
make[3]: Leaving directory '/home/kdetlet/ece2620/labs/lab6/src'
config.status:1533: $? = 0
